<testsuites id="" name="" tests="330" failures="330" skipped="0" errors="0" time="182.04512">
<testsuite name="courier-dashboard.spec.ts" timestamp="2025-10-22T08:18:48.424Z" hostname="chromium" tests="17" failures="17" skipped="0" time="0.265" errors="0">
<testcase name="Courier Registration › should complete courier registration" classname="courier-dashboard.spec.ts" time="0.009">
<failure message="courier-dashboard.spec.ts:16:7 should complete courier registration" type="FAILURE">
<![CDATA[  [chromium] › courier-dashboard.spec.ts:16:7 › Courier Registration › should complete courier registration 

    Error: browserType.launch: Executable doesn't exist at C:\Users\Hostilian\AppData\Local\ms-playwright\winldd-1007\PrintDeps.exe
    ╔═════════════════════════════════════════════════════════════════════════╗
    ║ Looks like Playwright Test or Playwright was just installed or updated. ║
    ║ Please run the following command to download new browser:               ║
    ║                                                                         ║
    ║     npx playwright install winldd                                       ║
    ║                                                                         ║
    ║ <3 Playwright Team                                                      ║
    ╚═════════════════════════════════════════════════════════════════════════╝
]]>
</failure>
</testcase>
<testcase name="Courier Registration › should validate email format" classname="courier-dashboard.spec.ts" time="0.011">
<failure message="courier-dashboard.spec.ts:47:7 should validate email format" type="FAILURE">
<![CDATA[  [chromium] › courier-dashboard.spec.ts:47:7 › Courier Registration › should validate email format 

    Error: browserType.launch: Executable doesn't exist at C:\Users\Hostilian\AppData\Local\ms-playwright\winldd-1007\PrintDeps.exe
    ╔═════════════════════════════════════════════════════════════════════════╗
    ║ Looks like Playwright Test or Playwright was just installed or updated. ║
    ║ Please run the following command to download new browser:               ║
    ║                                                                         ║
    ║     npx playwright install winldd                                       ║
    ║                                                                         ║
    ║ <3 Playwright Team                                                      ║
    ╚═════════════════════════════════════════════════════════════════════════╝
]]>
</failure>
</testcase>
<testcase name="Courier Registration › should validate password strength" classname="courier-dashboard.spec.ts" time="0.014">
<failure message="courier-dashboard.spec.ts:58:7 should validate password strength" type="FAILURE">
<![CDATA[  [chromium] › courier-dashboard.spec.ts:58:7 › Courier Registration › should validate password strength 

    Error: browserType.launch: Executable doesn't exist at C:\Users\Hostilian\AppData\Local\ms-playwright\winldd-1007\PrintDeps.exe
    ╔═════════════════════════════════════════════════════════════════════════╗
    ║ Looks like Playwright Test or Playwright was just installed or updated. ║
    ║ Please run the following command to download new browser:               ║
    ║                                                                         ║
    ║     npx playwright install winldd                                       ║
    ║                                                                         ║
    ║ <3 Playwright Team                                                      ║
    ╚═════════════════════════════════════════════════════════════════════════╝
]]>
</failure>
</testcase>
<testcase name="Courier Login › should login with valid credentials" classname="courier-dashboard.spec.ts" time="0.021">
<failure message="courier-dashboard.spec.ts:70:7 should login with valid credentials" type="FAILURE">
<![CDATA[  [chromium] › courier-dashboard.spec.ts:70:7 › Courier Login › should login with valid credentials 

    Error: browserType.launch: Executable doesn't exist at C:\Users\Hostilian\AppData\Local\ms-playwright\winldd-1007\PrintDeps.exe
    ╔═════════════════════════════════════════════════════════════════════════╗
    ║ Looks like Playwright Test or Playwright was just installed or updated. ║
    ║ Please run the following command to download new browser:               ║
    ║                                                                         ║
    ║     npx playwright install winldd                                       ║
    ║                                                                         ║
    ║ <3 Playwright Team                                                      ║
    ╚═════════════════════════════════════════════════════════════════════════╝
]]>
</failure>
</testcase>
<testcase name="Courier Login › should show error for invalid credentials" classname="courier-dashboard.spec.ts" time="0.018">
<failure message="courier-dashboard.spec.ts:83:7 should show error for invalid credentials" type="FAILURE">
<![CDATA[  [chromium] › courier-dashboard.spec.ts:83:7 › Courier Login › should show error for invalid credentials 

    Error: browserType.launch: Executable doesn't exist at C:\Users\Hostilian\AppData\Local\ms-playwright\winldd-1007\PrintDeps.exe
    ╔═════════════════════════════════════════════════════════════════════════╗
    ║ Looks like Playwright Test or Playwright was just installed or updated. ║
    ║ Please run the following command to download new browser:               ║
    ║                                                                         ║
    ║     npx playwright install winldd                                       ║
    ║                                                                         ║
    ║ <3 Playwright Team                                                      ║
    ╚═════════════════════════════════════════════════════════════════════════╝
]]>
</failure>
</testcase>
<testcase name="Courier Login › should have forgot password link" classname="courier-dashboard.spec.ts" time="0.012">
<failure message="courier-dashboard.spec.ts:94:7 should have forgot password link" type="FAILURE">
<![CDATA[  [chromium] › courier-dashboard.spec.ts:94:7 › Courier Login › should have forgot password link ───

    Error: browserType.launch: Executable doesn't exist at C:\Users\Hostilian\AppData\Local\ms-playwright\winldd-1007\PrintDeps.exe
    ╔═════════════════════════════════════════════════════════════════════════╗
    ║ Looks like Playwright Test or Playwright was just installed or updated. ║
    ║ Please run the following command to download new browser:               ║
    ║                                                                         ║
    ║     npx playwright install winldd                                       ║
    ║                                                                         ║
    ║ <3 Playwright Team                                                      ║
    ╚═════════════════════════════════════════════════════════════════════════╝
]]>
</failure>
</testcase>
<testcase name="Courier Dashboard (Protected) › should display courier dashboard" classname="courier-dashboard.spec.ts" time="0.022">
<failure message="courier-dashboard.spec.ts:119:7 should display courier dashboard" type="FAILURE">
<![CDATA[  [chromium] › courier-dashboard.spec.ts:119:7 › Courier Dashboard (Protected) › should display courier dashboard 

    Error: browserType.launch: Executable doesn't exist at C:\Users\Hostilian\AppData\Local\ms-playwright\winldd-1007\PrintDeps.exe
    ╔═════════════════════════════════════════════════════════════════════════╗
    ║ Looks like Playwright Test or Playwright was just installed or updated. ║
    ║ Please run the following command to download new browser:               ║
    ║                                                                         ║
    ║     npx playwright install winldd                                       ║
    ║                                                                         ║
    ║ <3 Playwright Team                                                      ║
    ╚═════════════════════════════════════════════════════════════════════════╝
]]>
</failure>
</testcase>
<testcase name="Courier Dashboard (Protected) › should toggle availability" classname="courier-dashboard.spec.ts" time="0.019">
<failure message="courier-dashboard.spec.ts:129:7 should toggle availability" type="FAILURE">
<![CDATA[  [chromium] › courier-dashboard.spec.ts:129:7 › Courier Dashboard (Protected) › should toggle availability 

    Error: browserType.launch: Executable doesn't exist at C:\Users\Hostilian\AppData\Local\ms-playwright\winldd-1007\PrintDeps.exe
    ╔═════════════════════════════════════════════════════════════════════════╗
    ║ Looks like Playwright Test or Playwright was just installed or updated. ║
    ║ Please run the following command to download new browser:               ║
    ║                                                                         ║
    ║     npx playwright install winldd                                       ║
    ║                                                                         ║
    ║ <3 Playwright Team                                                      ║
    ╚═════════════════════════════════════════════════════════════════════════╝
]]>
</failure>
</testcase>
<testcase name="Courier Dashboard (Protected) › should display earnings breakdown" classname="courier-dashboard.spec.ts" time="0.022">
<failure message="courier-dashboard.spec.ts:148:7 should display earnings breakdown" type="FAILURE">
<![CDATA[  [chromium] › courier-dashboard.spec.ts:148:7 › Courier Dashboard (Protected) › should display earnings breakdown 

    Error: browserType.launch: Executable doesn't exist at C:\Users\Hostilian\AppData\Local\ms-playwright\winldd-1007\PrintDeps.exe
    ╔═════════════════════════════════════════════════════════════════════════╗
    ║ Looks like Playwright Test or Playwright was just installed or updated. ║
    ║ Please run the following command to download new browser:               ║
    ║                                                                         ║
    ║     npx playwright install winldd                                       ║
    ║                                                                         ║
    ║ <3 Playwright Team                                                      ║
    ╚═════════════════════════════════════════════════════════════════════════╝
]]>
</failure>
</testcase>
<testcase name="Courier Dashboard (Protected) › should list available deliveries" classname="courier-dashboard.spec.ts" time="0.013">
<failure message="courier-dashboard.spec.ts:160:7 should list available deliveries" type="FAILURE">
<![CDATA[  [chromium] › courier-dashboard.spec.ts:160:7 › Courier Dashboard (Protected) › should list available deliveries 

    Error: browserType.launch: Executable doesn't exist at C:\Users\Hostilian\AppData\Local\ms-playwright\winldd-1007\PrintDeps.exe
    ╔═════════════════════════════════════════════════════════════════════════╗
    ║ Looks like Playwright Test or Playwright was just installed or updated. ║
    ║ Please run the following command to download new browser:               ║
    ║                                                                         ║
    ║     npx playwright install winldd                                       ║
    ║                                                                         ║
    ║ <3 Playwright Team                                                      ║
    ╚═════════════════════════════════════════════════════════════════════════╝
]]>
</failure>
</testcase>
<testcase name="Courier Dashboard (Protected) › should accept delivery" classname="courier-dashboard.spec.ts" time="0.009">
<failure message="courier-dashboard.spec.ts:178:7 should accept delivery" type="FAILURE">
<![CDATA[  [chromium] › courier-dashboard.spec.ts:178:7 › Courier Dashboard (Protected) › should accept delivery 

    Error: browserType.launch: Executable doesn't exist at C:\Users\Hostilian\AppData\Local\ms-playwright\winldd-1007\PrintDeps.exe
    ╔═════════════════════════════════════════════════════════════════════════╗
    ║ Looks like Playwright Test or Playwright was just installed or updated. ║
    ║ Please run the following command to download new browser:               ║
    ║                                                                         ║
    ║     npx playwright install winldd                                       ║
    ║                                                                         ║
    ║ <3 Playwright Team                                                      ║
    ╚═════════════════════════════════════════════════════════════════════════╝
]]>
</failure>
</testcase>
<testcase name="Courier Dashboard (Protected) › should update delivery status" classname="courier-dashboard.spec.ts" time="0.012">
<failure message="courier-dashboard.spec.ts:193:7 should update delivery status" type="FAILURE">
<![CDATA[  [chromium] › courier-dashboard.spec.ts:193:7 › Courier Dashboard (Protected) › should update delivery status 

    Error: browserType.launch: Executable doesn't exist at C:\Users\Hostilian\AppData\Local\ms-playwright\winldd-1007\PrintDeps.exe
    ╔═════════════════════════════════════════════════════════════════════════╗
    ║ Looks like Playwright Test or Playwright was just installed or updated. ║
    ║ Please run the following command to download new browser:               ║
    ║                                                                         ║
    ║     npx playwright install winldd                                       ║
    ║                                                                         ║
    ║ <3 Playwright Team                                                      ║
    ╚═════════════════════════════════════════════════════════════════════════╝
]]>
</failure>
</testcase>
<testcase name="Courier Dashboard (Protected) › should show map with route" classname="courier-dashboard.spec.ts" time="0.011">
<failure message="courier-dashboard.spec.ts:210:7 should show map with route" type="FAILURE">
<![CDATA[  [chromium] › courier-dashboard.spec.ts:210:7 › Courier Dashboard (Protected) › should show map with route 

    Error: browserType.launch: Executable doesn't exist at C:\Users\Hostilian\AppData\Local\ms-playwright\winldd-1007\PrintDeps.exe
    ╔═════════════════════════════════════════════════════════════════════════╗
    ║ Looks like Playwright Test or Playwright was just installed or updated. ║
    ║ Please run the following command to download new browser:               ║
    ║                                                                         ║
    ║     npx playwright install winldd                                       ║
    ║                                                                         ║
    ║ <3 Playwright Team                                                      ║
    ╚═════════════════════════════════════════════════════════════════════════╝
]]>
</failure>
</testcase>
<testcase name="Courier Dashboard (Protected) › should logout successfully" classname="courier-dashboard.spec.ts" time="0.035">
<failure message="courier-dashboard.spec.ts:223:7 should logout successfully" type="FAILURE">
<![CDATA[  [chromium] › courier-dashboard.spec.ts:223:7 › Courier Dashboard (Protected) › should logout successfully 

    Error: browserType.launch: Executable doesn't exist at C:\Users\Hostilian\AppData\Local\ms-playwright\winldd-1007\PrintDeps.exe
    ╔═════════════════════════════════════════════════════════════════════════╗
    ║ Looks like Playwright Test or Playwright was just installed or updated. ║
    ║ Please run the following command to download new browser:               ║
    ║                                                                         ║
    ║     npx playwright install winldd                                       ║
    ║                                                                         ║
    ║ <3 Playwright Team                                                      ║
    ╚═════════════════════════════════════════════════════════════════════════╝
]]>
</failure>
</testcase>
<testcase name="Courier Protected Routes › should redirect to login when not authenticated" classname="courier-dashboard.spec.ts" time="0.01">
<failure message="courier-dashboard.spec.ts:245:7 should redirect to login when not authenticated" type="FAILURE">
<![CDATA[  [chromium] › courier-dashboard.spec.ts:245:7 › Courier Protected Routes › should redirect to login when not authenticated 

    Error: browserType.launch: Executable doesn't exist at C:\Users\Hostilian\AppData\Local\ms-playwright\winldd-1007\PrintDeps.exe
    ╔═════════════════════════════════════════════════════════════════════════╗
    ║ Looks like Playwright Test or Playwright was just installed or updated. ║
    ║ Please run the following command to download new browser:               ║
    ║                                                                         ║
    ║     npx playwright install winldd                                       ║
    ║                                                                         ║
    ║ <3 Playwright Team                                                      ║
    ╚═════════════════════════════════════════════════════════════════════════╝
]]>
</failure>
</testcase>
<testcase name="Courier Protected Routes › should maintain session after page reload" classname="courier-dashboard.spec.ts" time="0.011">
<failure message="courier-dashboard.spec.ts:253:7 should maintain session after page reload" type="FAILURE">
<![CDATA[  [chromium] › courier-dashboard.spec.ts:253:7 › Courier Protected Routes › should maintain session after page reload 

    Error: browserType.launch: Executable doesn't exist at C:\Users\Hostilian\AppData\Local\ms-playwright\winldd-1007\PrintDeps.exe
    ╔═════════════════════════════════════════════════════════════════════════╗
    ║ Looks like Playwright Test or Playwright was just installed or updated. ║
    ║ Please run the following command to download new browser:               ║
    ║                                                                         ║
    ║     npx playwright install winldd                                       ║
    ║                                                                         ║
    ║ <3 Playwright Team                                                      ║
    ╚═════════════════════════════════════════════════════════════════════════╝
]]>
</failure>
</testcase>
<testcase name="Delivery Lifecycle › should complete full delivery lifecycle" classname="courier-dashboard.spec.ts" time="0.016">
<failure message="courier-dashboard.spec.ts:280:7 should complete full delivery lifecycle" type="FAILURE">
<![CDATA[  [chromium] › courier-dashboard.spec.ts:280:7 › Delivery Lifecycle › should complete full delivery lifecycle 

    Error: browserType.launch: Executable doesn't exist at C:\Users\Hostilian\AppData\Local\ms-playwright\winldd-1007\PrintDeps.exe
    ╔═════════════════════════════════════════════════════════════════════════╗
    ║ Looks like Playwright Test or Playwright was just installed or updated. ║
    ║ Please run the following command to download new browser:               ║
    ║                                                                         ║
    ║     npx playwright install winldd                                       ║
    ║                                                                         ║
    ║ <3 Playwright Team                                                      ║
    ╚═════════════════════════════════════════════════════════════════════════╝
]]>
</failure>
</testcase>
</testsuite>
<testsuite name="email-notifications.spec.ts" timestamp="2025-10-22T08:18:48.424Z" hostname="chromium" tests="3" failures="3" skipped="0" time="0.047" errors="0">
<testcase name="Email Notification System Tests › should send confirmation email when delivery is requested" classname="email-notifications.spec.ts" time="0.015">
<failure message="email-notifications.spec.ts:7:7 should send confirmation email when delivery is requested" type="FAILURE">
<![CDATA[  [chromium] › email-notifications.spec.ts:7:7 › Email Notification System Tests › should send confirmation email when delivery is requested 

    Error: browserType.launch: Executable doesn't exist at C:\Users\Hostilian\AppData\Local\ms-playwright\winldd-1007\PrintDeps.exe
    ╔═════════════════════════════════════════════════════════════════════════╗
    ║ Looks like Playwright Test or Playwright was just installed or updated. ║
    ║ Please run the following command to download new browser:               ║
    ║                                                                         ║
    ║     npx playwright install winldd                                       ║
    ║                                                                         ║
    ║ <3 Playwright Team                                                      ║
    ╚═════════════════════════════════════════════════════════════════════════╝
]]>
</failure>
</testcase>
<testcase name="Email Notification System Tests › should send notification when courier accepts delivery" classname="email-notifications.spec.ts" time="0.013">
<failure message="email-notifications.spec.ts:58:7 should send notification when courier accepts delivery" type="FAILURE">
<![CDATA[  [chromium] › email-notifications.spec.ts:58:7 › Email Notification System Tests › should send notification when courier accepts delivery 

    Error: browserType.launch: Executable doesn't exist at C:\Users\Hostilian\AppData\Local\ms-playwright\winldd-1007\PrintDeps.exe
    ╔═════════════════════════════════════════════════════════════════════════╗
    ║ Looks like Playwright Test or Playwright was just installed or updated. ║
    ║ Please run the following command to download new browser:               ║
    ║                                                                         ║
    ║     npx playwright install winldd                                       ║
    ║                                                                         ║
    ║ <3 Playwright Team                                                      ║
    ╚═════════════════════════════════════════════════════════════════════════╝
]]>
</failure>
</testcase>
<testcase name="Email Notification System Tests › should send completion notification when delivery is marked as delivered" classname="email-notifications.spec.ts" time="0.019">
<failure message="email-notifications.spec.ts:90:7 should send completion notification when delivery is marked as delivered" type="FAILURE">
<![CDATA[  [chromium] › email-notifications.spec.ts:90:7 › Email Notification System Tests › should send completion notification when delivery is marked as delivered 

    Error: browserType.launch: Executable doesn't exist at C:\Users\Hostilian\AppData\Local\ms-playwright\winldd-1007\PrintDeps.exe
    ╔═════════════════════════════════════════════════════════════════════════╗
    ║ Looks like Playwright Test or Playwright was just installed or updated. ║
    ║ Please run the following command to download new browser:               ║
    ║                                                                         ║
    ║     npx playwright install winldd                                       ║
    ║                                                                         ║
    ║ <3 Playwright Team                                                      ║
    ╚═════════════════════════════════════════════════════════════════════════╝
]]>
</failure>
</testcase>
</testsuite>
<testsuite name="guest-order.spec.ts" timestamp="2025-10-22T08:18:48.424Z" hostname="chromium" tests="16" failures="16" skipped="0" time="0.158" errors="0">
<testcase name="Guest Order Flow › should complete guest order submission" classname="guest-order.spec.ts" time="0.011">
<failure message="guest-order.spec.ts:21:7 should complete guest order submission" type="FAILURE">
<![CDATA[  [chromium] › guest-order.spec.ts:21:7 › Guest Order Flow › should complete guest order submission 

    Error: browserType.launch: Executable doesn't exist at C:\Users\Hostilian\AppData\Local\ms-playwright\winldd-1007\PrintDeps.exe
    ╔═════════════════════════════════════════════════════════════════════════╗
    ║ Looks like Playwright Test or Playwright was just installed or updated. ║
    ║ Please run the following command to download new browser:               ║
    ║                                                                         ║
    ║     npx playwright install winldd                                       ║
    ║                                                                         ║
    ║ <3 Playwright Team                                                      ║
    ╚═════════════════════════════════════════════════════════════════════════╝
]]>
</failure>
</testcase>
<testcase name="Guest Order Flow › should validate required fields" classname="guest-order.spec.ts" time="0.015">
<failure message="guest-order.spec.ts:71:7 should validate required fields" type="FAILURE">
<![CDATA[  [chromium] › guest-order.spec.ts:71:7 › Guest Order Flow › should validate required fields ───────

    Error: browserType.launch: Executable doesn't exist at C:\Users\Hostilian\AppData\Local\ms-playwright\winldd-1007\PrintDeps.exe
    ╔═════════════════════════════════════════════════════════════════════════╗
    ║ Looks like Playwright Test or Playwright was just installed or updated. ║
    ║ Please run the following command to download new browser:               ║
    ║                                                                         ║
    ║     npx playwright install winldd                                       ║
    ║                                                                         ║
    ║ <3 Playwright Team                                                      ║
    ╚═════════════════════════════════════════════════════════════════════════╝
]]>
</failure>
</testcase>
<testcase name="Guest Order Flow › should calculate price dynamically" classname="guest-order.spec.ts" time="0.013">
<failure message="guest-order.spec.ts:81:7 should calculate price dynamically" type="FAILURE">
<![CDATA[  [chromium] › guest-order.spec.ts:81:7 › Guest Order Flow › should calculate price dynamically ────

    Error: browserType.launch: Executable doesn't exist at C:\Users\Hostilian\AppData\Local\ms-playwright\winldd-1007\PrintDeps.exe
    ╔═════════════════════════════════════════════════════════════════════════╗
    ║ Looks like Playwright Test or Playwright was just installed or updated. ║
    ║ Please run the following command to download new browser:               ║
    ║                                                                         ║
    ║     npx playwright install winldd                                       ║
    ║                                                                         ║
    ║ <3 Playwright Team                                                      ║
    ╚═════════════════════════════════════════════════════════════════════════╝
]]>
</failure>
</testcase>
<testcase name="Guest Order Flow › should show scheduled delivery option" classname="guest-order.spec.ts" time="0.009">
<failure message="guest-order.spec.ts:100:7 should show scheduled delivery option" type="FAILURE">
<![CDATA[  [chromium] › guest-order.spec.ts:100:7 › Guest Order Flow › should show scheduled delivery option 

    Error: browserType.launch: Executable doesn't exist at C:\Users\Hostilian\AppData\Local\ms-playwright\winldd-1007\PrintDeps.exe
    ╔═════════════════════════════════════════════════════════════════════════╗
    ║ Looks like Playwright Test or Playwright was just installed or updated. ║
    ║ Please run the following command to download new browser:               ║
    ║                                                                         ║
    ║     npx playwright install winldd                                       ║
    ║                                                                         ║
    ║ <3 Playwright Team                                                      ║
    ╚═════════════════════════════════════════════════════════════════════════╝
]]>
</failure>
</testcase>
<testcase name="Guest Tracking › should track delivery with tracking ID" classname="guest-order.spec.ts" time="0.01">
<failure message="guest-order.spec.ts:116:7 should track delivery with tracking ID" type="FAILURE">
<![CDATA[  [chromium] › guest-order.spec.ts:116:7 › Guest Tracking › should track delivery with tracking ID ─

    Error: browserType.launch: Executable doesn't exist at C:\Users\Hostilian\AppData\Local\ms-playwright\winldd-1007\PrintDeps.exe
    ╔═════════════════════════════════════════════════════════════════════════╗
    ║ Looks like Playwright Test or Playwright was just installed or updated. ║
    ║ Please run the following command to download new browser:               ║
    ║                                                                         ║
    ║     npx playwright install winldd                                       ║
    ║                                                                         ║
    ║ <3 Playwright Team                                                      ║
    ╚═════════════════════════════════════════════════════════════════════════╝
]]>
</failure>
</testcase>
<testcase name="Multi-locale Support › should load homepage in en" classname="guest-order.spec.ts" time="0.009">
<failure message="guest-order.spec.ts:137:9 should load homepage in en" type="FAILURE">
<![CDATA[  [chromium] › guest-order.spec.ts:137:9 › Multi-locale Support › should load homepage in en ───────

    Error: browserType.launch: Executable doesn't exist at C:\Users\Hostilian\AppData\Local\ms-playwright\winldd-1007\PrintDeps.exe
    ╔═════════════════════════════════════════════════════════════════════════╗
    ║ Looks like Playwright Test or Playwright was just installed or updated. ║
    ║ Please run the following command to download new browser:               ║
    ║                                                                         ║
    ║     npx playwright install winldd                                       ║
    ║                                                                         ║
    ║ <3 Playwright Team                                                      ║
    ╚═════════════════════════════════════════════════════════════════════════╝
]]>
</failure>
</testcase>
<testcase name="Multi-locale Support › should load homepage in cs" classname="guest-order.spec.ts" time="0.008">
<failure message="guest-order.spec.ts:137:9 should load homepage in cs" type="FAILURE">
<![CDATA[  [chromium] › guest-order.spec.ts:137:9 › Multi-locale Support › should load homepage in cs ───────

    Error: browserType.launch: Executable doesn't exist at C:\Users\Hostilian\AppData\Local\ms-playwright\winldd-1007\PrintDeps.exe
    ╔═════════════════════════════════════════════════════════════════════════╗
    ║ Looks like Playwright Test or Playwright was just installed or updated. ║
    ║ Please run the following command to download new browser:               ║
    ║                                                                         ║
    ║     npx playwright install winldd                                       ║
    ║                                                                         ║
    ║ <3 Playwright Team                                                      ║
    ╚═════════════════════════════════════════════════════════════════════════╝
]]>
</failure>
</testcase>
<testcase name="Multi-locale Support › should load homepage in de" classname="guest-order.spec.ts" time="0.011">
<failure message="guest-order.spec.ts:137:9 should load homepage in de" type="FAILURE">
<![CDATA[  [chromium] › guest-order.spec.ts:137:9 › Multi-locale Support › should load homepage in de ───────

    Error: browserType.launch: Executable doesn't exist at C:\Users\Hostilian\AppData\Local\ms-playwright\winldd-1007\PrintDeps.exe
    ╔═════════════════════════════════════════════════════════════════════════╗
    ║ Looks like Playwright Test or Playwright was just installed or updated. ║
    ║ Please run the following command to download new browser:               ║
    ║                                                                         ║
    ║     npx playwright install winldd                                       ║
    ║                                                                         ║
    ║ <3 Playwright Team                                                      ║
    ╚═════════════════════════════════════════════════════════════════════════╝
]]>
</failure>
</testcase>
<testcase name="Multi-locale Support › should load homepage in es" classname="guest-order.spec.ts" time="0.01">
<failure message="guest-order.spec.ts:137:9 should load homepage in es" type="FAILURE">
<![CDATA[  [chromium] › guest-order.spec.ts:137:9 › Multi-locale Support › should load homepage in es ───────

    Error: browserType.launch: Executable doesn't exist at C:\Users\Hostilian\AppData\Local\ms-playwright\winldd-1007\PrintDeps.exe
    ╔═════════════════════════════════════════════════════════════════════════╗
    ║ Looks like Playwright Test or Playwright was just installed or updated. ║
    ║ Please run the following command to download new browser:               ║
    ║                                                                         ║
    ║     npx playwright install winldd                                       ║
    ║                                                                         ║
    ║ <3 Playwright Team                                                      ║
    ╚═════════════════════════════════════════════════════════════════════════╝
]]>
</failure>
</testcase>
<testcase name="Multi-locale Support › should load homepage in uk" classname="guest-order.spec.ts" time="0.009">
<failure message="guest-order.spec.ts:137:9 should load homepage in uk" type="FAILURE">
<![CDATA[  [chromium] › guest-order.spec.ts:137:9 › Multi-locale Support › should load homepage in uk ───────

    Error: browserType.launch: Executable doesn't exist at C:\Users\Hostilian\AppData\Local\ms-playwright\winldd-1007\PrintDeps.exe
    ╔═════════════════════════════════════════════════════════════════════════╗
    ║ Looks like Playwright Test or Playwright was just installed or updated. ║
    ║ Please run the following command to download new browser:               ║
    ║                                                                         ║
    ║     npx playwright install winldd                                       ║
    ║                                                                         ║
    ║ <3 Playwright Team                                                      ║
    ╚═════════════════════════════════════════════════════════════════════════╝
]]>
</failure>
</testcase>
<testcase name="Multi-locale Support › should load homepage in tr" classname="guest-order.spec.ts" time="0.007">
<failure message="guest-order.spec.ts:137:9 should load homepage in tr" type="FAILURE">
<![CDATA[  [chromium] › guest-order.spec.ts:137:9 › Multi-locale Support › should load homepage in tr ───────

    Error: browserType.launch: Executable doesn't exist at C:\Users\Hostilian\AppData\Local\ms-playwright\winldd-1007\PrintDeps.exe
    ╔═════════════════════════════════════════════════════════════════════════╗
    ║ Looks like Playwright Test or Playwright was just installed or updated. ║
    ║ Please run the following command to download new browser:               ║
    ║                                                                         ║
    ║     npx playwright install winldd                                       ║
    ║                                                                         ║
    ║ <3 Playwright Team                                                      ║
    ╚═════════════════════════════════════════════════════════════════════════╝
]]>
</failure>
</testcase>
<testcase name="Multi-locale Support › should load homepage in vi" classname="guest-order.spec.ts" time="0.011">
<failure message="guest-order.spec.ts:137:9 should load homepage in vi" type="FAILURE">
<![CDATA[  [chromium] › guest-order.spec.ts:137:9 › Multi-locale Support › should load homepage in vi ───────

    Error: browserType.launch: Executable doesn't exist at C:\Users\Hostilian\AppData\Local\ms-playwright\winldd-1007\PrintDeps.exe
    ╔═════════════════════════════════════════════════════════════════════════╗
    ║ Looks like Playwright Test or Playwright was just installed or updated. ║
    ║ Please run the following command to download new browser:               ║
    ║                                                                         ║
    ║     npx playwright install winldd                                       ║
    ║                                                                         ║
    ║ <3 Playwright Team                                                      ║
    ╚═════════════════════════════════════════════════════════════════════════╝
]]>
</failure>
</testcase>
<testcase name="Multi-locale Support › should switch languages via selector" classname="guest-order.spec.ts" time="0.009">
<failure message="guest-order.spec.ts:151:7 should switch languages via selector" type="FAILURE">
<![CDATA[  [chromium] › guest-order.spec.ts:151:7 › Multi-locale Support › should switch languages via selector 

    Error: browserType.launch: Executable doesn't exist at C:\Users\Hostilian\AppData\Local\ms-playwright\winldd-1007\PrintDeps.exe
    ╔═════════════════════════════════════════════════════════════════════════╗
    ║ Looks like Playwright Test or Playwright was just installed or updated. ║
    ║ Please run the following command to download new browser:               ║
    ║                                                                         ║
    ║     npx playwright install winldd                                       ║
    ║                                                                         ║
    ║ <3 Playwright Team                                                      ║
    ╚═════════════════════════════════════════════════════════════════════════╝
]]>
</failure>
</testcase>
<testcase name="Mobile Responsiveness › should be mobile-friendly" classname="guest-order.spec.ts" time="0.009">
<failure message="guest-order.spec.ts:170:7 should be mobile-friendly" type="FAILURE">
<![CDATA[  [chromium] › guest-order.spec.ts:170:7 › Mobile Responsiveness › should be mobile-friendly ───────

    Error: browserType.launch: Executable doesn't exist at C:\Users\Hostilian\AppData\Local\ms-playwright\winldd-1007\PrintDeps.exe
    ╔═════════════════════════════════════════════════════════════════════════╗
    ║ Looks like Playwright Test or Playwright was just installed or updated. ║
    ║ Please run the following command to download new browser:               ║
    ║                                                                         ║
    ║     npx playwright install winldd                                       ║
    ║                                                                         ║
    ║ <3 Playwright Team                                                      ║
    ╚═════════════════════════════════════════════════════════════════════════╝
]]>
</failure>
</testcase>
<testcase name="Accessibility › should have proper ARIA labels" classname="guest-order.spec.ts" time="0.009">
<failure message="guest-order.spec.ts:195:7 should have proper ARIA labels" type="FAILURE">
<![CDATA[  [chromium] › guest-order.spec.ts:195:7 › Accessibility › should have proper ARIA labels ──────────

    Error: browserType.launch: Executable doesn't exist at C:\Users\Hostilian\AppData\Local\ms-playwright\winldd-1007\PrintDeps.exe
    ╔═════════════════════════════════════════════════════════════════════════╗
    ║ Looks like Playwright Test or Playwright was just installed or updated. ║
    ║ Please run the following command to download new browser:               ║
    ║                                                                         ║
    ║     npx playwright install winldd                                       ║
    ║                                                                         ║
    ║ <3 Playwright Team                                                      ║
    ╚═════════════════════════════════════════════════════════════════════════╝
]]>
</failure>
</testcase>
<testcase name="Accessibility › should be keyboard navigable" classname="guest-order.spec.ts" time="0.008">
<failure message="guest-order.spec.ts:206:7 should be keyboard navigable" type="FAILURE">
<![CDATA[  [chromium] › guest-order.spec.ts:206:7 › Accessibility › should be keyboard navigable ────────────

    Error: browserType.launch: Executable doesn't exist at C:\Users\Hostilian\AppData\Local\ms-playwright\winldd-1007\PrintDeps.exe
    ╔═════════════════════════════════════════════════════════════════════════╗
    ║ Looks like Playwright Test or Playwright was just installed or updated. ║
    ║ Please run the following command to download new browser:               ║
    ║                                                                         ║
    ║     npx playwright install winldd                                       ║
    ║                                                                         ║
    ║ <3 Playwright Team                                                      ║
    ╚═════════════════════════════════════════════════════════════════════════╝
]]>
</failure>
</testcase>
</testsuite>
<testsuite name="i18n-support.spec.ts" timestamp="2025-10-22T08:18:48.424Z" hostname="chromium" tests="5" failures="5" skipped="0" time="0.086" errors="0">
<testcase name="Multi-Language Support Tests › should display the homepage in different languages" classname="i18n-support.spec.ts" time="0.009">
<failure message="i18n-support.spec.ts:4:7 should display the homepage in different languages" type="FAILURE">
<![CDATA[  [chromium] › i18n-support.spec.ts:4:7 › Multi-Language Support Tests › should display the homepage in different languages 

    Error: browserType.launch: Executable doesn't exist at C:\Users\Hostilian\AppData\Local\ms-playwright\winldd-1007\PrintDeps.exe
    ╔═════════════════════════════════════════════════════════════════════════╗
    ║ Looks like Playwright Test or Playwright was just installed or updated. ║
    ║ Please run the following command to download new browser:               ║
    ║                                                                         ║
    ║     npx playwright install winldd                                       ║
    ║                                                                         ║
    ║ <3 Playwright Team                                                      ║
    ╚═════════════════════════════════════════════════════════════════════════╝
]]>
</failure>
</testcase>
<testcase name="Multi-Language Support Tests › should maintain language selection throughout user flow" classname="i18n-support.spec.ts" time="0.012">
<failure message="i18n-support.spec.ts:22:7 should maintain language selection throughout user flow" type="FAILURE">
<![CDATA[  [chromium] › i18n-support.spec.ts:22:7 › Multi-Language Support Tests › should maintain language selection throughout user flow 

    Error: browserType.launch: Executable doesn't exist at C:\Users\Hostilian\AppData\Local\ms-playwright\winldd-1007\PrintDeps.exe
    ╔═════════════════════════════════════════════════════════════════════════╗
    ║ Looks like Playwright Test or Playwright was just installed or updated. ║
    ║ Please run the following command to download new browser:               ║
    ║                                                                         ║
    ║     npx playwright install winldd                                       ║
    ║                                                                         ║
    ║ <3 Playwright Team                                                      ║
    ╚═════════════════════════════════════════════════════════════════════════╝
]]>
</failure>
</testcase>
<testcase name="Multi-Language Support Tests › should allow language switching via the language selector" classname="i18n-support.spec.ts" time="0.026">
<failure message="i18n-support.spec.ts:41:7 should allow language switching via the language selector" type="FAILURE">
<![CDATA[  [chromium] › i18n-support.spec.ts:41:7 › Multi-Language Support Tests › should allow language switching via the language selector 

    Error: browserType.launch: Executable doesn't exist at C:\Users\Hostilian\AppData\Local\ms-playwright\winldd-1007\PrintDeps.exe
    ╔═════════════════════════════════════════════════════════════════════════╗
    ║ Looks like Playwright Test or Playwright was just installed or updated. ║
    ║ Please run the following command to download new browser:               ║
    ║                                                                         ║
    ║     npx playwright install winldd                                       ║
    ║                                                                         ║
    ║ <3 Playwright Team                                                      ║
    ╚═════════════════════════════════════════════════════════════════════════╝
]]>
</failure>
</testcase>
<testcase name="Multi-Language Support Tests › should respect right-to-left layout for Arabic" classname="i18n-support.spec.ts" time="0.026">
<failure message="i18n-support.spec.ts:57:7 should respect right-to-left layout for Arabic" type="FAILURE">
<![CDATA[  [chromium] › i18n-support.spec.ts:57:7 › Multi-Language Support Tests › should respect right-to-left layout for Arabic 

    Error: browserType.launch: Executable doesn't exist at C:\Users\Hostilian\AppData\Local\ms-playwright\winldd-1007\PrintDeps.exe
    ╔═════════════════════════════════════════════════════════════════════════╗
    ║ Looks like Playwright Test or Playwright was just installed or updated. ║
    ║ Please run the following command to download new browser:               ║
    ║                                                                         ║
    ║     npx playwright install winldd                                       ║
    ║                                                                         ║
    ║ <3 Playwright Team                                                      ║
    ╚═════════════════════════════════════════════════════════════════════════╝
]]>
</failure>
</testcase>
<testcase name="Multi-Language Support Tests › should show cultural theme colors based on language" classname="i18n-support.spec.ts" time="0.013">
<failure message="i18n-support.spec.ts:68:7 should show cultural theme colors based on language" type="FAILURE">
<![CDATA[  [chromium] › i18n-support.spec.ts:68:7 › Multi-Language Support Tests › should show cultural theme colors based on language 

    Error: browserType.launch: Executable doesn't exist at C:\Users\Hostilian\AppData\Local\ms-playwright\winldd-1007\PrintDeps.exe
    ╔═════════════════════════════════════════════════════════════════════════╗
    ║ Looks like Playwright Test or Playwright was just installed or updated. ║
    ║ Please run the following command to download new browser:               ║
    ║                                                                         ║
    ║     npx playwright install winldd                                       ║
    ║                                                                         ║
    ║ <3 Playwright Team                                                      ║
    ╚═════════════════════════════════════════════════════════════════════════╝
]]>
</failure>
</testcase>
</testsuite>
<testsuite name="main-flow.spec.ts" timestamp="2025-10-22T08:18:48.424Z" hostname="chromium" tests="4" failures="4" skipped="0" time="0.048" errors="0">
<testcase name="Primary User Flow: Customer Request to Courier Completion › Step 1: Customer requests a delivery" classname="main-flow.spec.ts" time="0.011">
<failure message="main-flow.spec.ts:7:7 Step 1: Customer requests a delivery" type="FAILURE">
<![CDATA[  [chromium] › main-flow.spec.ts:7:7 › Primary User Flow: Customer Request to Courier Completion › Step 1: Customer requests a delivery 

    Error: browserType.launch: Executable doesn't exist at C:\Users\Hostilian\AppData\Local\ms-playwright\winldd-1007\PrintDeps.exe
    ╔═════════════════════════════════════════════════════════════════════════╗
    ║ Looks like Playwright Test or Playwright was just installed or updated. ║
    ║ Please run the following command to download new browser:               ║
    ║                                                                         ║
    ║     npx playwright install winldd                                       ║
    ║                                                                         ║
    ║ <3 Playwright Team                                                      ║
    ╚═════════════════════════════════════════════════════════════════════════╝
]]>
</failure>
</testcase>
<testcase name="Primary User Flow: Customer Request to Courier Completion › Step 2: Courier registers and logs in" classname="main-flow.spec.ts" time="0.014">
<failure message="main-flow.spec.ts:41:7 Step 2: Courier registers and logs in" type="FAILURE">
<![CDATA[  [chromium] › main-flow.spec.ts:41:7 › Primary User Flow: Customer Request to Courier Completion › Step 2: Courier registers and logs in 

    Error: browserType.launch: Executable doesn't exist at C:\Users\Hostilian\AppData\Local\ms-playwright\winldd-1007\PrintDeps.exe
    ╔═════════════════════════════════════════════════════════════════════════╗
    ║ Looks like Playwright Test or Playwright was just installed or updated. ║
    ║ Please run the following command to download new browser:               ║
    ║                                                                         ║
    ║     npx playwright install winldd                                       ║
    ║                                                                         ║
    ║ <3 Playwright Team                                                      ║
    ╚═════════════════════════════════════════════════════════════════════════╝
]]>
</failure>
</testcase>
<testcase name="Primary User Flow: Customer Request to Courier Completion › Step 3: Courier accepts and completes the delivery" classname="main-flow.spec.ts" time="0.01">
<failure message="main-flow.spec.ts:66:7 Step 3: Courier accepts and completes the delivery" type="FAILURE">
<![CDATA[  [chromium] › main-flow.spec.ts:66:7 › Primary User Flow: Customer Request to Courier Completion › Step 3: Courier accepts and completes the delivery 

    Error: browserType.launch: Executable doesn't exist at C:\Users\Hostilian\AppData\Local\ms-playwright\winldd-1007\PrintDeps.exe
    ╔═════════════════════════════════════════════════════════════════════════╗
    ║ Looks like Playwright Test or Playwright was just installed or updated. ║
    ║ Please run the following command to download new browser:               ║
    ║                                                                         ║
    ║     npx playwright install winldd                                       ║
    ║                                                                         ║
    ║ <3 Playwright Team                                                      ║
    ╚═════════════════════════════════════════════════════════════════════════╝
]]>
</failure>
</testcase>
<testcase name="Primary User Flow: Customer Request to Courier Completion › Step 4: Customer tracks the completed delivery" classname="main-flow.spec.ts" time="0.013">
<failure message="main-flow.spec.ts:105:7 Step 4: Customer tracks the completed delivery" type="FAILURE">
<![CDATA[  [chromium] › main-flow.spec.ts:105:7 › Primary User Flow: Customer Request to Courier Completion › Step 4: Customer tracks the completed delivery 

    Error: browserType.launch: Executable doesn't exist at C:\Users\Hostilian\AppData\Local\ms-playwright\winldd-1007\PrintDeps.exe
    ╔═════════════════════════════════════════════════════════════════════════╗
    ║ Looks like Playwright Test or Playwright was just installed or updated. ║
    ║ Please run the following command to download new browser:               ║
    ║                                                                         ║
    ║     npx playwright install winldd                                       ║
    ║                                                                         ║
    ║ <3 Playwright Team                                                      ║
    ╚═════════════════════════════════════════════════════════════════════════╝
]]>
</failure>
</testcase>
</testsuite>
<testsuite name="pricing.spec.ts" timestamp="2025-10-22T08:18:48.424Z" hostname="chromium" tests="12" failures="12" skipped="0" time="0.166" errors="0">
<testcase name="Pricing Calculator › should calculate standard delivery price" classname="pricing.spec.ts" time="0.01">
<failure message="pricing.spec.ts:19:7 should calculate standard delivery price" type="FAILURE">
<![CDATA[  [chromium] › pricing.spec.ts:19:7 › Pricing Calculator › should calculate standard delivery price 

    Error: browserType.launch: Executable doesn't exist at C:\Users\Hostilian\AppData\Local\ms-playwright\winldd-1007\PrintDeps.exe
    ╔═════════════════════════════════════════════════════════════════════════╗
    ║ Looks like Playwright Test or Playwright was just installed or updated. ║
    ║ Please run the following command to download new browser:               ║
    ║                                                                         ║
    ║     npx playwright install winldd                                       ║
    ║                                                                         ║
    ║ <3 Playwright Team                                                      ║
    ╚═════════════════════════════════════════════════════════════════════════╝
]]>
</failure>
</testcase>
<testcase name="Pricing Calculator › should apply express delivery multiplier" classname="pricing.spec.ts" time="0.013">
<failure message="pricing.spec.ts:42:7 should apply express delivery multiplier" type="FAILURE">
<![CDATA[  [chromium] › pricing.spec.ts:42:7 › Pricing Calculator › should apply express delivery multiplier 

    Error: browserType.launch: Executable doesn't exist at C:\Users\Hostilian\AppData\Local\ms-playwright\winldd-1007\PrintDeps.exe
    ╔═════════════════════════════════════════════════════════════════════════╗
    ║ Looks like Playwright Test or Playwright was just installed or updated. ║
    ║ Please run the following command to download new browser:               ║
    ║                                                                         ║
    ║     npx playwright install winldd                                       ║
    ║                                                                         ║
    ║ <3 Playwright Team                                                      ║
    ╚═════════════════════════════════════════════════════════════════════════╝
]]>
</failure>
</testcase>
<testcase name="Pricing Calculator › should apply urgent delivery multiplier" classname="pricing.spec.ts" time="0.01">
<failure message="pricing.spec.ts:60:7 should apply urgent delivery multiplier" type="FAILURE">
<![CDATA[  [chromium] › pricing.spec.ts:60:7 › Pricing Calculator › should apply urgent delivery multiplier ─

    Error: browserType.launch: Executable doesn't exist at C:\Users\Hostilian\AppData\Local\ms-playwright\winldd-1007\PrintDeps.exe
    ╔═════════════════════════════════════════════════════════════════════════╗
    ║ Looks like Playwright Test or Playwright was just installed or updated. ║
    ║ Please run the following command to download new browser:               ║
    ║                                                                         ║
    ║     npx playwright install winldd                                       ║
    ║                                                                         ║
    ║ <3 Playwright Team                                                      ║
    ╚═════════════════════════════════════════════════════════════════════════╝
]]>
</failure>
</testcase>
<testcase name="Pricing Calculator › should apply scheduled delivery discount" classname="pricing.spec.ts" time="0.041">
<failure message="pricing.spec.ts:76:7 should apply scheduled delivery discount" type="FAILURE">
<![CDATA[  [chromium] › pricing.spec.ts:76:7 › Pricing Calculator › should apply scheduled delivery discount 

    Error: browserType.launch: Executable doesn't exist at C:\Users\Hostilian\AppData\Local\ms-playwright\winldd-1007\PrintDeps.exe
    ╔═════════════════════════════════════════════════════════════════════════╗
    ║ Looks like Playwright Test or Playwright was just installed or updated. ║
    ║ Please run the following command to download new browser:               ║
    ║                                                                         ║
    ║     npx playwright install winldd                                       ║
    ║                                                                         ║
    ║ <3 Playwright Team                                                      ║
    ╚═════════════════════════════════════════════════════════════════════════╝
]]>
</failure>
</testcase>
<testcase name="Pricing Calculator › should increase price for larger packages" classname="pricing.spec.ts" time="0.009">
<failure message="pricing.spec.ts:105:7 should increase price for larger packages" type="FAILURE">
<![CDATA[  [chromium] › pricing.spec.ts:105:7 › Pricing Calculator › should increase price for larger packages 

    Error: browserType.launch: Executable doesn't exist at C:\Users\Hostilian\AppData\Local\ms-playwright\winldd-1007\PrintDeps.exe
    ╔═════════════════════════════════════════════════════════════════════════╗
    ║ Looks like Playwright Test or Playwright was just installed or updated. ║
    ║ Please run the following command to download new browser:               ║
    ║                                                                         ║
    ║     npx playwright install winldd                                       ║
    ║                                                                         ║
    ║ <3 Playwright Team                                                      ║
    ╚═════════════════════════════════════════════════════════════════════════╝
]]>
</failure>
</testcase>
<testcase name="Pricing Calculator › should increase price for longer distances" classname="pricing.spec.ts" time="0.01">
<failure message="pricing.spec.ts:126:7 should increase price for longer distances" type="FAILURE">
<![CDATA[  [chromium] › pricing.spec.ts:126:7 › Pricing Calculator › should increase price for longer distances 

    Error: browserType.launch: Executable doesn't exist at C:\Users\Hostilian\AppData\Local\ms-playwright\winldd-1007\PrintDeps.exe
    ╔═════════════════════════════════════════════════════════════════════════╗
    ║ Looks like Playwright Test or Playwright was just installed or updated. ║
    ║ Please run the following command to download new browser:               ║
    ║                                                                         ║
    ║     npx playwright install winldd                                       ║
    ║                                                                         ║
    ║ <3 Playwright Team                                                      ║
    ╚═════════════════════════════════════════════════════════════════════════╝
]]>
</failure>
</testcase>
<testcase name="Pricing Calculator › should display courier earnings (70%)" classname="pricing.spec.ts" time="0.012">
<failure message="pricing.spec.ts:148:7 should display courier earnings (70%)" type="FAILURE">
<![CDATA[  [chromium] › pricing.spec.ts:148:7 › Pricing Calculator › should display courier earnings (70%) ──

    Error: browserType.launch: Executable doesn't exist at C:\Users\Hostilian\AppData\Local\ms-playwright\winldd-1007\PrintDeps.exe
    ╔═════════════════════════════════════════════════════════════════════════╗
    ║ Looks like Playwright Test or Playwright was just installed or updated. ║
    ║ Please run the following command to download new browser:               ║
    ║                                                                         ║
    ║     npx playwright install winldd                                       ║
    ║                                                                         ║
    ║ <3 Playwright Team                                                      ║
    ╚═════════════════════════════════════════════════════════════════════════╝
]]>
</failure>
</testcase>
<testcase name="Pricing Edge Cases › should handle same pickup and dropoff" classname="pricing.spec.ts" time="0.011">
<failure message="pricing.spec.ts:173:7 should handle same pickup and dropoff" type="FAILURE">
<![CDATA[  [chromium] › pricing.spec.ts:173:7 › Pricing Edge Cases › should handle same pickup and dropoff ──

    Error: browserType.launch: Executable doesn't exist at C:\Users\Hostilian\AppData\Local\ms-playwright\winldd-1007\PrintDeps.exe
    ╔═════════════════════════════════════════════════════════════════════════╗
    ║ Looks like Playwright Test or Playwright was just installed or updated. ║
    ║ Please run the following command to download new browser:               ║
    ║                                                                         ║
    ║     npx playwright install winldd                                       ║
    ║                                                                         ║
    ║ <3 Playwright Team                                                      ║
    ╚═════════════════════════════════════════════════════════════════════════╝
]]>
</failure>
</testcase>
<testcase name="Pricing Edge Cases › should handle very long distances" classname="pricing.spec.ts" time="0.014">
<failure message="pricing.spec.ts:199:7 should handle very long distances" type="FAILURE">
<![CDATA[  [chromium] › pricing.spec.ts:199:7 › Pricing Edge Cases › should handle very long distances ──────

    Error: browserType.launch: Executable doesn't exist at C:\Users\Hostilian\AppData\Local\ms-playwright\winldd-1007\PrintDeps.exe
    ╔═════════════════════════════════════════════════════════════════════════╗
    ║ Looks like Playwright Test or Playwright was just installed or updated. ║
    ║ Please run the following command to download new browser:               ║
    ║                                                                         ║
    ║     npx playwright install winldd                                       ║
    ║                                                                         ║
    ║ <3 Playwright Team                                                      ║
    ╚═════════════════════════════════════════════════════════════════════════╝
]]>
</failure>
</testcase>
<testcase name="Pricing Edge Cases › should update price when inputs change" classname="pricing.spec.ts" time="0.011">
<failure message="pricing.spec.ts:221:7 should update price when inputs change" type="FAILURE">
<![CDATA[  [chromium] › pricing.spec.ts:221:7 › Pricing Edge Cases › should update price when inputs change ─

    Error: browserType.launch: Executable doesn't exist at C:\Users\Hostilian\AppData\Local\ms-playwright\winldd-1007\PrintDeps.exe
    ╔═════════════════════════════════════════════════════════════════════════╗
    ║ Looks like Playwright Test or Playwright was just installed or updated. ║
    ║ Please run the following command to download new browser:               ║
    ║                                                                         ║
    ║     npx playwright install winldd                                       ║
    ║                                                                         ║
    ║ <3 Playwright Team                                                      ║
    ╚═════════════════════════════════════════════════════════════════════════╝
]]>
</failure>
</testcase>
<testcase name="Pricing Display &amp; Formatting › should format price correctly" classname="pricing.spec.ts" time="0.013">
<failure message="pricing.spec.ts:242:7 should format price correctly" type="FAILURE">
<![CDATA[  [chromium] › pricing.spec.ts:242:7 › Pricing Display & Formatting › should format price correctly 

    Error: browserType.launch: Executable doesn't exist at C:\Users\Hostilian\AppData\Local\ms-playwright\winldd-1007\PrintDeps.exe
    ╔═════════════════════════════════════════════════════════════════════════╗
    ║ Looks like Playwright Test or Playwright was just installed or updated. ║
    ║ Please run the following command to download new browser:               ║
    ║                                                                         ║
    ║     npx playwright install winldd                                       ║
    ║                                                                         ║
    ║ <3 Playwright Team                                                      ║
    ╚═════════════════════════════════════════════════════════════════════════╝
]]>
</failure>
</testcase>
<testcase name="Pricing Display &amp; Formatting › should show pricing in different locales" classname="pricing.spec.ts" time="0.012">
<failure message="pricing.spec.ts:258:7 should show pricing in different locales" type="FAILURE">
<![CDATA[  [chromium] › pricing.spec.ts:258:7 › Pricing Display & Formatting › should show pricing in different locales 

    Error: browserType.launch: Executable doesn't exist at C:\Users\Hostilian\AppData\Local\ms-playwright\winldd-1007\PrintDeps.exe
    ╔═════════════════════════════════════════════════════════════════════════╗
    ║ Looks like Playwright Test or Playwright was just installed or updated. ║
    ║ Please run the following command to download new browser:               ║
    ║                                                                         ║
    ║     npx playwright install winldd                                       ║
    ║                                                                         ║
    ║ <3 Playwright Team                                                      ║
    ╚═════════════════════════════════════════════════════════════════════════╝
]]>
</failure>
</testcase>
</testsuite>
<testsuite name="scheduled-delivery.spec.ts" timestamp="2025-10-22T08:18:48.424Z" hostname="chromium" tests="6" failures="6" skipped="0" time="0.235" errors="0">
<testcase name="Scheduled Delivery Flow Test › Step 1: Customer requests a scheduled delivery with email notifications" classname="scheduled-delivery.spec.ts" time="0.017">
<failure message="scheduled-delivery.spec.ts:7:7 Step 1: Customer requests a scheduled delivery with email notifications" type="FAILURE">
<![CDATA[  [chromium] › scheduled-delivery.spec.ts:7:7 › Scheduled Delivery Flow Test › Step 1: Customer requests a scheduled delivery with email notifications 

    Error: browserType.launch: Executable doesn't exist at C:\Users\Hostilian\AppData\Local\ms-playwright\winldd-1007\PrintDeps.exe
    ╔═════════════════════════════════════════════════════════════════════════╗
    ║ Looks like Playwright Test or Playwright was just installed or updated. ║
    ║ Please run the following command to download new browser:               ║
    ║                                                                         ║
    ║     npx playwright install winldd                                       ║
    ║                                                                         ║
    ║ <3 Playwright Team                                                      ║
    ╚═════════════════════════════════════════════════════════════════════════╝
]]>
</failure>
</testcase>
<testcase name="Scheduled Delivery Flow Test › Step 2: Customer verifies tracking immediately after request" classname="scheduled-delivery.spec.ts" time="0.014">
<failure message="scheduled-delivery.spec.ts:53:7 Step 2: Customer verifies tracking immediately after request" type="FAILURE">
<![CDATA[  [chromium] › scheduled-delivery.spec.ts:53:7 › Scheduled Delivery Flow Test › Step 2: Customer verifies tracking immediately after request 

    Error: browserType.launch: Executable doesn't exist at C:\Users\Hostilian\AppData\Local\ms-playwright\winldd-1007\PrintDeps.exe
    ╔═════════════════════════════════════════════════════════════════════════╗
    ║ Looks like Playwright Test or Playwright was just installed or updated. ║
    ║ Please run the following command to download new browser:               ║
    ║                                                                         ║
    ║     npx playwright install winldd                                       ║
    ║                                                                         ║
    ║ <3 Playwright Team                                                      ║
    ╚═════════════════════════════════════════════════════════════════════════╝
]]>
</failure>
</testcase>
<testcase name="Scheduled Delivery Flow Test › Step 3: Courier accepts the scheduled delivery" classname="scheduled-delivery.spec.ts" time="0.012">
<failure message="scheduled-delivery.spec.ts:68:7 Step 3: Courier accepts the scheduled delivery" type="FAILURE">
<![CDATA[  [chromium] › scheduled-delivery.spec.ts:68:7 › Scheduled Delivery Flow Test › Step 3: Courier accepts the scheduled delivery 

    Error: browserType.launch: Executable doesn't exist at C:\Users\Hostilian\AppData\Local\ms-playwright\winldd-1007\PrintDeps.exe
    ╔═════════════════════════════════════════════════════════════════════════╗
    ║ Looks like Playwright Test or Playwright was just installed or updated. ║
    ║ Please run the following command to download new browser:               ║
    ║                                                                         ║
    ║     npx playwright install winldd                                       ║
    ║                                                                         ║
    ║ <3 Playwright Team                                                      ║
    ╚═════════════════════════════════════════════════════════════════════════╝
]]>
</failure>
</testcase>
<testcase name="Scheduled Delivery Flow Test › Step 4: Customer verifies courier assignment for scheduled delivery" classname="scheduled-delivery.spec.ts" time="0.044">
<failure message="scheduled-delivery.spec.ts:91:7 Step 4: Customer verifies courier assignment for scheduled delivery" type="FAILURE">
<![CDATA[  [chromium] › scheduled-delivery.spec.ts:91:7 › Scheduled Delivery Flow Test › Step 4: Customer verifies courier assignment for scheduled delivery 

    Error: browserType.launch: Executable doesn't exist at C:\Users\Hostilian\AppData\Local\ms-playwright\winldd-1007\PrintDeps.exe
    ╔═════════════════════════════════════════════════════════════════════════╗
    ║ Looks like Playwright Test or Playwright was just installed or updated. ║
    ║ Please run the following command to download new browser:               ║
    ║                                                                         ║
    ║     npx playwright install winldd                                       ║
    ║                                                                         ║
    ║ <3 Playwright Team                                                      ║
    ╚═════════════════════════════════════════════════════════════════════════╝
]]>
</failure>
</testcase>
<testcase name="Scheduled Delivery Flow Test › Step 5: Courier completes the scheduled delivery on the scheduled date" classname="scheduled-delivery.spec.ts" time="0.138">
<failure message="scheduled-delivery.spec.ts:106:7 Step 5: Courier completes the scheduled delivery on the scheduled date" type="FAILURE">
<![CDATA[  [chromium] › scheduled-delivery.spec.ts:106:7 › Scheduled Delivery Flow Test › Step 5: Courier completes the scheduled delivery on the scheduled date 

    Error: browserType.launch: Executable doesn't exist at C:\Users\Hostilian\AppData\Local\ms-playwright\winldd-1007\PrintDeps.exe
    ╔═════════════════════════════════════════════════════════════════════════╗
    ║ Looks like Playwright Test or Playwright was just installed or updated. ║
    ║ Please run the following command to download new browser:               ║
    ║                                                                         ║
    ║     npx playwright install winldd                                       ║
    ║                                                                         ║
    ║ <3 Playwright Team                                                      ║
    ╚═════════════════════════════════════════════════════════════════════════╝
]]>
</failure>
</testcase>
<testcase name="Scheduled Delivery Flow Test › Step 6: Customer verifies completed delivery and provides rating" classname="scheduled-delivery.spec.ts" time="0.01">
<failure message="scheduled-delivery.spec.ts:139:7 Step 6: Customer verifies completed delivery and provides rating" type="FAILURE">
<![CDATA[  [chromium] › scheduled-delivery.spec.ts:139:7 › Scheduled Delivery Flow Test › Step 6: Customer verifies completed delivery and provides rating 

    Error: browserType.launch: Executable doesn't exist at C:\Users\Hostilian\AppData\Local\ms-playwright\winldd-1007\PrintDeps.exe
    ╔═════════════════════════════════════════════════════════════════════════╗
    ║ Looks like Playwright Test or Playwright was just installed or updated. ║
    ║ Please run the following command to download new browser:               ║
    ║                                                                         ║
    ║     npx playwright install winldd                                       ║
    ║                                                                         ║
    ║ <3 Playwright Team                                                      ║
    ╚═════════════════════════════════════════════════════════════════════════╝
]]>
</failure>
</testcase>
</testsuite>
<testsuite name="tracking.spec.ts" timestamp="2025-10-22T08:18:48.424Z" hostname="chromium" tests="3" failures="3" skipped="0" time="0" errors="0">
<testcase name="Customer Tracking Flow › should display tracking information for a valid ID" classname="tracking.spec.ts" time="0">
<failure message="tracking.spec.ts:29:7 should display tracking information for a valid ID" type="FAILURE">
<![CDATA[  [chromium] › tracking.spec.ts:29:7 › Customer Tracking Flow › should display tracking information for a valid ID 

    TimeoutError: apiRequestContext.post: Timeout 10000ms exceeded.
    Call log:
      - → POST http://localhost:3000/api/deliveries
        - user-agent: Mozilla/5.0 (Windows NT 10.0; Win64; x64) AppleWebKit/537.36 (KHTML, like Gecko) Chrome/141.0.7390.37 Safari/537.36
        - accept: */*
        - accept-encoding: gzip,deflate,br
        - content-type: application/json
        - content-length: 381


       6 |   test.beforeAll(async ({ request }) => {
       7 |     // Create a delivery request to get a valid tracking ID
    >  8 |     const response = await request.post('/api/deliveries', {
         |                                    ^
       9 |       data: {
      10 |         senderName: 'Test Sender',
      11 |         senderPhone: '1234567890',
        at C:\Users\Public\courier-connect\tests\e2e\tracking.spec.ts:8:36
]]>
</failure>
</testcase>
<testcase name="Customer Tracking Flow › should show an error for an invalid tracking ID" classname="tracking.spec.ts" time="0">
<failure message="tracking.spec.ts:42:7 should show an error for an invalid tracking ID" type="FAILURE">
<![CDATA[  [chromium] › tracking.spec.ts:42:7 › Customer Tracking Flow › should show an error for an invalid tracking ID 

    Error: apiRequestContext.post: connect ECONNREFUSED ::1:3000
    Call log:
      - → POST http://localhost:3000/api/deliveries
        - user-agent: Mozilla/5.0 (Windows NT 10.0; Win64; x64) AppleWebKit/537.36 (KHTML, like Gecko) Chrome/141.0.7390.37 Safari/537.36
        - accept: */*
        - accept-encoding: gzip,deflate,br
        - content-type: application/json
        - content-length: 381

        at apiRequestContext.post: connect ECONNREFUSED ::1:3000
        at C:\Users\Public\courier-connect\tests\e2e\tracking.spec.ts:8:36
]]>
</failure>
</testcase>
<testcase name="Customer Tracking Flow › should show the live map when a courier is assigned" classname="tracking.spec.ts" time="0">
<failure message="tracking.spec.ts:49:7 should show the live map when a courier is assigned" type="FAILURE">
<![CDATA[  [chromium] › tracking.spec.ts:49:7 › Customer Tracking Flow › should show the live map when a courier is assigned 

    TimeoutError: apiRequestContext.post: Timeout 10000ms exceeded.
    Call log:
      - → POST http://localhost:3000/api/deliveries
        - user-agent: Mozilla/5.0 (Windows NT 10.0; Win64; x64) AppleWebKit/537.36 (KHTML, like Gecko) Chrome/141.0.7390.37 Safari/537.36
        - accept: */*
        - accept-encoding: gzip,deflate,br
        - content-type: application/json
        - content-length: 381


       6 |   test.beforeAll(async ({ request }) => {
       7 |     // Create a delivery request to get a valid tracking ID
    >  8 |     const response = await request.post('/api/deliveries', {
         |                                    ^
       9 |       data: {
      10 |         senderName: 'Test Sender',
      11 |         senderPhone: '1234567890',
        at C:\Users\Public\courier-connect\tests\e2e\tracking.spec.ts:8:36
]]>
</failure>
</testcase>
</testsuite>
<testsuite name="courier-dashboard.spec.ts" timestamp="2025-10-22T08:18:48.424Z" hostname="firefox" tests="17" failures="17" skipped="0" time="0.203" errors="0">
<testcase name="Courier Registration › should complete courier registration" classname="courier-dashboard.spec.ts" time="0.009">
<failure message="courier-dashboard.spec.ts:16:7 should complete courier registration" type="FAILURE">
<![CDATA[  [firefox] › courier-dashboard.spec.ts:16:7 › Courier Registration › should complete courier registration 

    Error: browserType.launch: Executable doesn't exist at C:\Users\Hostilian\AppData\Local\ms-playwright\firefox-1495\firefox\firefox.exe
    ╔═════════════════════════════════════════════════════════════════════════╗
    ║ Looks like Playwright Test or Playwright was just installed or updated. ║
    ║ Please run the following command to download new browsers:              ║
    ║                                                                         ║
    ║     npx playwright install                                              ║
    ║                                                                         ║
    ║ <3 Playwright Team                                                      ║
    ╚═════════════════════════════════════════════════════════════════════════╝
]]>
</failure>
</testcase>
<testcase name="Courier Registration › should validate email format" classname="courier-dashboard.spec.ts" time="0.018">
<failure message="courier-dashboard.spec.ts:47:7 should validate email format" type="FAILURE">
<![CDATA[  [firefox] › courier-dashboard.spec.ts:47:7 › Courier Registration › should validate email format ─

    Error: browserType.launch: Executable doesn't exist at C:\Users\Hostilian\AppData\Local\ms-playwright\firefox-1495\firefox\firefox.exe
    ╔═════════════════════════════════════════════════════════════════════════╗
    ║ Looks like Playwright Test or Playwright was just installed or updated. ║
    ║ Please run the following command to download new browsers:              ║
[...]
    ╔═════════════════════════════════════════════════════════════════════════╗
    ║ Looks like Playwright Test or Playwright was just installed or updated. ║
    ║ Please run the following command to download new browsers:              ║
    ║                                                                         ║
    ║     npx playwright install                                              ║
    ║                                                                         ║
    ║ <3 Playwright Team                                                      ║
    ╚═════════════════════════════════════════════════════════════════════════╝
]]>
</failure>
</testcase>
<testcase name="Pricing Calculator › should increase price for larger packages" classname="pricing.spec.ts" time="0.009">
<failure message="pricing.spec.ts:105:7 should increase price for larger packages" type="FAILURE">
<![CDATA[  [Mobile Safari] › pricing.spec.ts:105:7 › Pricing Calculator › should increase price for larger packages 

    Error: browserType.launch: Executable doesn't exist at C:\Users\Hostilian\AppData\Local\ms-playwright\webkit-2215\Playwright.exe
    ╔═════════════════════════════════════════════════════════════════════════╗
    ║ Looks like Playwright Test or Playwright was just installed or updated. ║
    ║ Please run the following command to download new browsers:              ║
    ║                                                                         ║
    ║     npx playwright install                                              ║
    ║                                                                         ║
    ║ <3 Playwright Team                                                      ║
    ╚═════════════════════════════════════════════════════════════════════════╝
]]>
</failure>
</testcase>
<testcase name="Pricing Calculator › should increase price for longer distances" classname="pricing.spec.ts" time="0.01">
<failure message="pricing.spec.ts:126:7 should increase price for longer distances" type="FAILURE">
<![CDATA[  [Mobile Safari] › pricing.spec.ts:126:7 › Pricing Calculator › should increase price for longer distances 

    Error: browserType.launch: Executable doesn't exist at C:\Users\Hostilian\AppData\Local\ms-playwright\webkit-2215\Playwright.exe
    ╔═════════════════════════════════════════════════════════════════════════╗
    ║ Looks like Playwright Test or Playwright was just installed or updated. ║
    ║ Please run the following command to download new browsers:              ║
    ║                                                                         ║
    ║     npx playwright install                                              ║
    ║                                                                         ║
    ║ <3 Playwright Team                                                      ║
    ╚═════════════════════════════════════════════════════════════════════════╝
]]>
</failure>
</testcase>
<testcase name="Pricing Calculator › should display courier earnings (70%)" classname="pricing.spec.ts" time="0.014">
<failure message="pricing.spec.ts:148:7 should display courier earnings (70%)" type="FAILURE">
<![CDATA[  [Mobile Safari] › pricing.spec.ts:148:7 › Pricing Calculator › should display courier earnings (70%) 

    Error: browserType.launch: Executable doesn't exist at C:\Users\Hostilian\AppData\Local\ms-playwright\webkit-2215\Playwright.exe
    ╔═════════════════════════════════════════════════════════════════════════╗
    ║ Looks like Playwright Test or Playwright was just installed or updated. ║
    ║ Please run the following command to download new browsers:              ║
    ║                                                                         ║
    ║     npx playwright install                                              ║
    ║                                                                         ║
    ║ <3 Playwright Team                                                      ║
    ╚═════════════════════════════════════════════════════════════════════════╝
]]>
</failure>
</testcase>
<testcase name="Pricing Edge Cases › should handle same pickup and dropoff" classname="pricing.spec.ts" time="0.01">
<failure message="pricing.spec.ts:173:7 should handle same pickup and dropoff" type="FAILURE">
<![CDATA[  [Mobile Safari] › pricing.spec.ts:173:7 › Pricing Edge Cases › should handle same pickup and dropoff 

    Error: browserType.launch: Executable doesn't exist at C:\Users\Hostilian\AppData\Local\ms-playwright\webkit-2215\Playwright.exe
    ╔═════════════════════════════════════════════════════════════════════════╗
    ║ Looks like Playwright Test or Playwright was just installed or updated. ║
    ║ Please run the following command to download new browsers:              ║
    ║                                                                         ║
    ║     npx playwright install                                              ║
    ║                                                                         ║
    ║ <3 Playwright Team                                                      ║
    ╚═════════════════════════════════════════════════════════════════════════╝
]]>
</failure>
</testcase>
<testcase name="Pricing Edge Cases › should handle very long distances" classname="pricing.spec.ts" time="0.012">
<failure message="pricing.spec.ts:199:7 should handle very long distances" type="FAILURE">
<![CDATA[  [Mobile Safari] › pricing.spec.ts:199:7 › Pricing Edge Cases › should handle very long distances ─

    Error: browserType.launch: Executable doesn't exist at C:\Users\Hostilian\AppData\Local\ms-playwright\webkit-2215\Playwright.exe
    ╔═════════════════════════════════════════════════════════════════════════╗
    ║ Looks like Playwright Test or Playwright was just installed or updated. ║
    ║ Please run the following command to download new browsers:              ║
    ║                                                                         ║
    ║     npx playwright install                                              ║
    ║                                                                         ║
    ║ <3 Playwright Team                                                      ║
    ╚═════════════════════════════════════════════════════════════════════════╝
]]>
</failure>
</testcase>
<testcase name="Pricing Edge Cases › should update price when inputs change" classname="pricing.spec.ts" time="0.016">
<failure message="pricing.spec.ts:221:7 should update price when inputs change" type="FAILURE">
<![CDATA[  [Mobile Safari] › pricing.spec.ts:221:7 › Pricing Edge Cases › should update price when inputs change 

    Error: browserType.launch: Executable doesn't exist at C:\Users\Hostilian\AppData\Local\ms-playwright\webkit-2215\Playwright.exe
    ╔═════════════════════════════════════════════════════════════════════════╗
    ║ Looks like Playwright Test or Playwright was just installed or updated. ║
    ║ Please run the following command to download new browsers:              ║
    ║                                                                         ║
    ║     npx playwright install                                              ║
    ║                                                                         ║
    ║ <3 Playwright Team                                                      ║
    ╚═════════════════════════════════════════════════════════════════════════╝
]]>
</failure>
</testcase>
<testcase name="Pricing Display &amp; Formatting › should format price correctly" classname="pricing.spec.ts" time="0.011">
<failure message="pricing.spec.ts:242:7 should format price correctly" type="FAILURE">
<![CDATA[  [Mobile Safari] › pricing.spec.ts:242:7 › Pricing Display & Formatting › should format price correctly 

    Error: browserType.launch: Executable doesn't exist at C:\Users\Hostilian\AppData\Local\ms-playwright\webkit-2215\Playwright.exe
    ╔═════════════════════════════════════════════════════════════════════════╗
    ║ Looks like Playwright Test or Playwright was just installed or updated. ║
    ║ Please run the following command to download new browsers:              ║
    ║                                                                         ║
    ║     npx playwright install                                              ║
    ║                                                                         ║
    ║ <3 Playwright Team                                                      ║
    ╚═════════════════════════════════════════════════════════════════════════╝
]]>
</failure>
</testcase>
<testcase name="Pricing Display &amp; Formatting › should show pricing in different locales" classname="pricing.spec.ts" time="0.009">
<failure message="pricing.spec.ts:258:7 should show pricing in different locales" type="FAILURE">
<![CDATA[  [Mobile Safari] › pricing.spec.ts:258:7 › Pricing Display & Formatting › should show pricing in different locales 

    Error: browserType.launch: Executable doesn't exist at C:\Users\Hostilian\AppData\Local\ms-playwright\webkit-2215\Playwright.exe
    ╔═════════════════════════════════════════════════════════════════════════╗
    ║ Looks like Playwright Test or Playwright was just installed or updated. ║
    ║ Please run the following command to download new browsers:              ║
    ║                                                                         ║
    ║     npx playwright install                                              ║
    ║                                                                         ║
    ║ <3 Playwright Team                                                      ║
    ╚═════════════════════════════════════════════════════════════════════════╝
]]>
</failure>
</testcase>
</testsuite>
<testsuite name="scheduled-delivery.spec.ts" timestamp="2025-10-22T08:18:48.424Z" hostname="Mobile Safari" tests="6" failures="6" skipped="0" time="0.071" errors="0">
<testcase name="Scheduled Delivery Flow Test › Step 1: Customer requests a scheduled delivery with email notifications" classname="scheduled-delivery.spec.ts" time="0.016">
<failure message="scheduled-delivery.spec.ts:7:7 Step 1: Customer requests a scheduled delivery with email notifications" type="FAILURE">
<![CDATA[  [Mobile Safari] › scheduled-delivery.spec.ts:7:7 › Scheduled Delivery Flow Test › Step 1: Customer requests a scheduled delivery with email notifications 

    Error: browserType.launch: Executable doesn't exist at C:\Users\Hostilian\AppData\Local\ms-playwright\webkit-2215\Playwright.exe
    ╔═════════════════════════════════════════════════════════════════════════╗
    ║ Looks like Playwright Test or Playwright was just installed or updated. ║
    ║ Please run the following command to download new browsers:              ║
    ║                                                                         ║
    ║     npx playwright install                                              ║
    ║                                                                         ║
    ║ <3 Playwright Team                                                      ║
    ╚═════════════════════════════════════════════════════════════════════════╝
]]>
</failure>
</testcase>
<testcase name="Scheduled Delivery Flow Test › Step 2: Customer verifies tracking immediately after request" classname="scheduled-delivery.spec.ts" time="0.01">
<failure message="scheduled-delivery.spec.ts:53:7 Step 2: Customer verifies tracking immediately after request" type="FAILURE">
<![CDATA[  [Mobile Safari] › scheduled-delivery.spec.ts:53:7 › Scheduled Delivery Flow Test › Step 2: Customer verifies tracking immediately after request 

    Error: browserType.launch: Executable doesn't exist at C:\Users\Hostilian\AppData\Local\ms-playwright\webkit-2215\Playwright.exe
    ╔═════════════════════════════════════════════════════════════════════════╗
    ║ Looks like Playwright Test or Playwright was just installed or updated. ║
    ║ Please run the following command to download new browsers:              ║
    ║                                                                         ║
    ║     npx playwright install                                              ║
    ║                                                                         ║
    ║ <3 Playwright Team                                                      ║
    ╚═════════════════════════════════════════════════════════════════════════╝
]]>
</failure>
</testcase>
<testcase name="Scheduled Delivery Flow Test › Step 3: Courier accepts the scheduled delivery" classname="scheduled-delivery.spec.ts" time="0.012">
<failure message="scheduled-delivery.spec.ts:68:7 Step 3: Courier accepts the scheduled delivery" type="FAILURE">
<![CDATA[  [Mobile Safari] › scheduled-delivery.spec.ts:68:7 › Scheduled Delivery Flow Test › Step 3: Courier accepts the scheduled delivery 

    Error: browserType.launch: Executable doesn't exist at C:\Users\Hostilian\AppData\Local\ms-playwright\webkit-2215\Playwright.exe
    ╔═════════════════════════════════════════════════════════════════════════╗
    ║ Looks like Playwright Test or Playwright was just installed or updated. ║
    ║ Please run the following command to download new browsers:              ║
    ║                                                                         ║
    ║     npx playwright install                                              ║
    ║                                                                         ║
    ║ <3 Playwright Team                                                      ║
    ╚═════════════════════════════════════════════════════════════════════════╝
]]>
</failure>
</testcase>
<testcase name="Scheduled Delivery Flow Test › Step 4: Customer verifies courier assignment for scheduled delivery" classname="scheduled-delivery.spec.ts" time="0.017">
<failure message="scheduled-delivery.spec.ts:91:7 Step 4: Customer verifies courier assignment for scheduled delivery" type="FAILURE">
<![CDATA[  [Mobile Safari] › scheduled-delivery.spec.ts:91:7 › Scheduled Delivery Flow Test › Step 4: Customer verifies courier assignment for scheduled delivery 

    Error: browserType.launch: Executable doesn't exist at C:\Users\Hostilian\AppData\Local\ms-playwright\webkit-2215\Playwright.exe
    ╔═════════════════════════════════════════════════════════════════════════╗
    ║ Looks like Playwright Test or Playwright was just installed or updated. ║
    ║ Please run the following command to download new browsers:              ║
    ║                                                                         ║
    ║     npx playwright install                                              ║
    ║                                                                         ║
    ║ <3 Playwright Team                                                      ║
    ╚═════════════════════════════════════════════════════════════════════════╝
]]>
</failure>
</testcase>
<testcase name="Scheduled Delivery Flow Test › Step 5: Courier completes the scheduled delivery on the scheduled date" classname="scheduled-delivery.spec.ts" time="0.01">
<failure message="scheduled-delivery.spec.ts:106:7 Step 5: Courier completes the scheduled delivery on the scheduled date" type="FAILURE">
<![CDATA[  [Mobile Safari] › scheduled-delivery.spec.ts:106:7 › Scheduled Delivery Flow Test › Step 5: Courier completes the scheduled delivery on the scheduled date 

    Error: browserType.launch: Executable doesn't exist at C:\Users\Hostilian\AppData\Local\ms-playwright\webkit-2215\Playwright.exe
    ╔═════════════════════════════════════════════════════════════════════════╗
    ║ Looks like Playwright Test or Playwright was just installed or updated. ║
    ║ Please run the following command to download new browsers:              ║
    ║                                                                         ║
    ║     npx playwright install                                              ║
    ║                                                                         ║
    ║ <3 Playwright Team                                                      ║
    ╚═════════════════════════════════════════════════════════════════════════╝
]]>
</failure>
</testcase>
<testcase name="Scheduled Delivery Flow Test › Step 6: Customer verifies completed delivery and provides rating" classname="scheduled-delivery.spec.ts" time="0.006">
<failure message="scheduled-delivery.spec.ts:139:7 Step 6: Customer verifies completed delivery and provides rating" type="FAILURE">
<![CDATA[  [Mobile Safari] › scheduled-delivery.spec.ts:139:7 › Scheduled Delivery Flow Test › Step 6: Customer verifies completed delivery and provides rating 

    Error: browserType.launch: Executable doesn't exist at C:\Users\Hostilian\AppData\Local\ms-playwright\webkit-2215\Playwright.exe
    ╔═════════════════════════════════════════════════════════════════════════╗
    ║ Looks like Playwright Test or Playwright was just installed or updated. ║
    ║ Please run the following command to download new browsers:              ║
    ║                                                                         ║
    ║     npx playwright install                                              ║
    ║                                                                         ║
    ║ <3 Playwright Team                                                      ║
    ╚═════════════════════════════════════════════════════════════════════════╝
]]>
</failure>
</testcase>
</testsuite>
<testsuite name="tracking.spec.ts" timestamp="2025-10-22T08:18:48.424Z" hostname="Mobile Safari" tests="3" failures="3" skipped="0" time="0.001" errors="0">
<testcase name="Customer Tracking Flow › should display tracking information for a valid ID" classname="tracking.spec.ts" time="0.001">
<failure message="tracking.spec.ts:29:7 should display tracking information for a valid ID" type="FAILURE">
<![CDATA[  [Mobile Safari] › tracking.spec.ts:29:7 › Customer Tracking Flow › should display tracking information for a valid ID 

    SyntaxError: Unexpected token '<', "<!DOCTYPE "... is not valid JSON

      22 |       },
      23 |     });
    > 24 |     const data = await response.json();
         |                  ^
      25 |     trackingId = data.trackingId;
      26 |     expect(trackingId).toBeDefined();
      27 |   });
        at C:\Users\Public\courier-connect\tests\e2e\tracking.spec.ts:24:18
]]>
</failure>
</testcase>
<testcase name="Customer Tracking Flow › should show an error for an invalid tracking ID" classname="tracking.spec.ts" time="0">
<failure message="tracking.spec.ts:42:7 should show an error for an invalid tracking ID" type="FAILURE">
<![CDATA[  [Mobile Safari] › tracking.spec.ts:42:7 › Customer Tracking Flow › should show an error for an invalid tracking ID 

    SyntaxError: Unexpected token '<', "<!DOCTYPE "... is not valid JSON

      22 |       },
      23 |     });
    > 24 |     const data = await response.json();
         |                  ^
      25 |     trackingId = data.trackingId;
      26 |     expect(trackingId).toBeDefined();
      27 |   });
        at C:\Users\Public\courier-connect\tests\e2e\tracking.spec.ts:24:18
]]>
</failure>
</testcase>
<testcase name="Customer Tracking Flow › should show the live map when a courier is assigned" classname="tracking.spec.ts" time="0">
<failure message="tracking.spec.ts:49:7 should show the live map when a courier is assigned" type="FAILURE">
<![CDATA[  [Mobile Safari] › tracking.spec.ts:49:7 › Customer Tracking Flow › should show the live map when a courier is assigned 

    SyntaxError: Unexpected token '<', "<!DOCTYPE "... is not valid JSON

      22 |       },
      23 |     });
    > 24 |     const data = await response.json();
         |                  ^
      25 |     trackingId = data.trackingId;
      26 |     expect(trackingId).toBeDefined();
      27 |   });
        at C:\Users\Public\courier-connect\tests\e2e\tracking.spec.ts:24:18
]]>
</failure>
</testcase>
</testsuite>
</testsuites>